<?xml version="1.0" encoding="UTF-8"?>
<!-- Generated by org.testng.reporters.JUnitReportReporter -->
<testsuite hostname="Gökçe" failures="0" tests="3" name="rahulshettyacademy.tests.SubmitOrderTest" time="50.421" errors="0" timestamp="28 Mar 2024 13:55:27 GMT" skipped="0">
  <testcase classname="rahulshettyacademy.tests.SubmitOrderTest" name="OrderHistoryTest" time="4.691"/>
  <testcase classname="rahulshettyacademy.tests.SubmitOrderTest" name="submitOrder" time="22.187"/>
  <testcase classname="rahulshettyacademy.tests.SubmitOrderTest" name="submitOrder" time="23.543"/>
</testsuite> <!-- rahulshettyacademy.tests.SubmitOrderTest -->
