<?xml version="1.0" encoding="UTF-8"?>
<!-- Generated by org.testng.reporters.JUnitReportReporter -->
<testsuite hostname="Gökçe" failures="0" tests="1" name="cucumber.TestNGTestRunner" time="9.475" errors="0" timestamp="08 Apr 2024 12:44:34 GMT" skipped="0">
  <testcase classname="cucumber.TestNGTestRunner" name="runScenario" time="9.475"/>
</testsuite> <!-- cucumber.TestNGTestRunner -->
