<?xml version="1.0" encoding="UTF-8"?>
<!-- Generated by org.testng.reporters.JUnitReportReporter -->
<testsuite hostname="Gökçe" failures="0" tests="1" name="rahulshettyacademy.tests.StandAloneTest2" time="22.796" errors="0" timestamp="27 Mar 2024 12:01:54 GMT" skipped="0">
  <testcase classname="rahulshettyacademy.tests.StandAloneTest2" name="submitOrder" time="22.796"/>
</testsuite> <!-- rahulshettyacademy.tests.StandAloneTest2 -->
