<?xml version="1.0" encoding="UTF-8"?>
<!-- Generated by org.testng.reporters.JUnitReportReporter -->
<testsuite hostname="Gökçe" failures="0" tests="1" name="rahulshettyacademy.tests.ErrorValidations" time="4.638" errors="0" timestamp="27 Mar 2024 12:52:25 GMT" skipped="0">
  <testcase classname="rahulshettyacademy.tests.ErrorValidations" name="submitOrder" time="4.638"/>
</testsuite> <!-- rahulshettyacademy.tests.ErrorValidations -->
