<?xml version="1.0" encoding="UTF-8"?>
<!-- Generated by org.testng.reporters.JUnitReportReporter -->
<testsuite hostname="Gökçe" failures="0" tests="3" name="rahulshettyacademy.tests.SubmitOrderTest" time="48.790" errors="0" timestamp="29 Apr 2024 11:14:48 GMT" skipped="0">
  <testcase classname="rahulshettyacademy.tests.SubmitOrderTest" name="submitOrder" time="22.169"/>
  <testcase classname="rahulshettyacademy.tests.SubmitOrderTest" name="OrderHistoryTest" time="4.743"/>
  <testcase classname="rahulshettyacademy.tests.SubmitOrderTest" name="submitOrder" time="21.878"/>
</testsuite> <!-- rahulshettyacademy.tests.SubmitOrderTest -->
