<?xml version="1.0" encoding="UTF-8"?>
<!-- Generated by org.testng.reporters.JUnitReportReporter -->
<testsuite hostname="Gökçe" failures="0" tests="1" name="cucumber.TestNGTestRunner" time="21.118" errors="0" timestamp="2024-04-19T13:13:37 CEST" skipped="0">
  <testcase classname="cucumber.TestNGTestRunner" name="runScenario" time="21.118"/>
</testsuite> <!-- cucumber.TestNGTestRunner -->
