<?xml version="1.0" encoding="UTF-8"?>
<!-- Generated by org.testng.reporters.JUnitReportReporter -->
<testsuite hostname="Gökçe" failures="0" tests="3" name="rahulshettyacademy.tests.SubmitOrderTest" time="54.313" errors="0" timestamp="2024-04-09T12:13:57 CEST" skipped="0">
  <testcase classname="rahulshettyacademy.tests.SubmitOrderTest" name="submitOrder" time="24.808"/>
  <testcase classname="rahulshettyacademy.tests.SubmitOrderTest" name="OrderHistoryTest" time="5.006"/>
  <testcase classname="rahulshettyacademy.tests.SubmitOrderTest" name="submitOrder" time="24.499"/>
</testsuite> <!-- rahulshettyacademy.tests.SubmitOrderTest -->
